<?xml version="1.0" encoding="UTF-8"?>
<!-- Generated by org.testng.reporters.JUnitReportReporter -->
<testsuite hostname="LAPTOP-5M6NUT1U" failures="0" tests="1" name="failedTestCases.MyTestClass2" time="0.002" errors="0" timestamp="2022-06-27T12:08:01 IST" skipped="0">
  <testcase classname="failedTestCases.MyTestClass2" name="p" time="0.002"/>
  <system-out>
    <![CDATA[p is running, Sanity]]>
  </system-out>
</testsuite> <!-- failedTestCases.MyTestClass2 -->
