<?xml version="1.0" encoding="UTF-8"?>
<!-- Generated by org.testng.reporters.JUnitReportReporter -->
<testsuite hostname="LAPTOP-5M6NUT1U" failures="0" tests="2" name="testNGStudy.AnnotationStudy" time="18.285" errors="0" timestamp="2022-06-23T08:36:59 IST" skipped="0">
  <testcase classname="testNGStudy.AnnotationStudy" name="ValidateDashBoard" time="9.781"/>
  <system-out>
    <![CDATA[DashBoard Validated]]>
  </system-out>
  <testcase classname="testNGStudy.AnnotationStudy" name="ValidateUserID" time="8.504"/>
  <system-out>
    <![CDATA[UserID Validated]]>
  </system-out>
</testsuite> <!-- testNGStudy.AnnotationStudy -->
