<?xml version="1.0" encoding="UTF-8"?>
<!-- Generated by org.testng.reporters.JUnitReportReporter -->
<testsuite hostname="LAPTOP-5M6NUT1U" failures="0" tests="3" name="testNgKeywords.InvocationCountUSe" time="0.012" errors="0" timestamp="2022-06-23T19:20:07 IST" skipped="0">
  <testcase classname="testNgKeywords.InvocationCountUSe" name="myTest" time="0.003"/>
  <system-out>
    <![CDATA[Hello]]>
  </system-out>
  <testcase classname="testNgKeywords.InvocationCountUSe" name="myTest" time="0.006"/>
  <system-out>
    <![CDATA[Hello]]>
  </system-out>
  <testcase classname="testNgKeywords.InvocationCountUSe" name="myTest" time="0.003"/>
  <system-out>
    <![CDATA[Hello]]>
  </system-out>
</testsuite> <!-- testNgKeywords.InvocationCountUSe -->
