<?xml version="1.0" encoding="UTF-8"?>
<!-- Generated by org.testng.reporters.JUnitReportReporter -->
<testsuite hostname="LAPTOP-5M6NUT1U" failures="0" tests="1" name="kitePOMUsingTestNG.ValidateKiteAppUserName" time="3.767" errors="0" timestamp="2022-07-04T08:49:18 IST" skipped="0">
  <testcase classname="kitePOMUsingTestNG.ValidateKiteAppUserName" name="validateUserName" time="3.767"/>
  <system-out>
    <![CDATA[Validating UserName
Actual and Expected userId matching, TC PASS]]>
  </system-out>
</testsuite> <!-- kitePOMUsingTestNG.ValidateKiteAppUserName -->
