<?xml version="1.0" encoding="UTF-8"?>
<!-- Generated by org.testng.reporters.JUnitReportReporter -->
<testsuite hostname="LAPTOP-5M6NUT1U" failures="0" tests="1" name="includeExclude.MyTestClass" time="0.001" errors="0" timestamp="2022-06-27T11:10:14 IST" skipped="0">
  <testcase classname="includeExclude.MyTestClass" name="a" time="0.001"/>
  <system-out>
    <![CDATA[a is running]]>
  </system-out>
</testsuite> <!-- includeExclude.MyTestClass -->
