<?xml version="1.0" encoding="UTF-8"?>
<!-- Generated by org.testng.reporters.JUnitReportReporter -->
<testsuite hostname="LAPTOP-5M6NUT1U" failures="0" tests="1" name="parallerAndSerialExecution.MyClass3" time="9.686" errors="0" timestamp="2022-06-27T13:22:12 IST" skipped="0">
  <testcase classname="parallerAndSerialExecution.MyClass3" name="myMethod" time="9.686"/>
  <system-out>
    <![CDATA[Hi, method is running this is reprted output]]>
  </system-out>
</testsuite> <!-- parallerAndSerialExecution.MyClass3 -->
