<?xml version="1.0" encoding="UTF-8"?>
<!-- Generated by org.testng.reporters.JUnitReportReporter -->
<testsuite hostname="LAPTOP-5M6NUT1U" failures="0" tests="3" name="testNgKeywords.PriorityUse" time="0.017" errors="0" timestamp="2022-06-27T09:49:01 IST" skipped="0">
  <testcase classname="testNgKeywords.PriorityUse" name="d" time="0.013"/>
  <system-out>
    <![CDATA[d is running]]>
  </system-out>
  <testcase classname="testNgKeywords.PriorityUse" name="a" time="0.003"/>
  <system-out>
    <![CDATA[a is running]]>
  </system-out>
  <testcase classname="testNgKeywords.PriorityUse" name="v" time="0.001"/>
  <system-out>
    <![CDATA[v is running]]>
  </system-out>
</testsuite> <!-- testNgKeywords.PriorityUse -->
