<?xml version="1.0" encoding="UTF-8"?>
<!-- Generated by org.testng.reporters.JUnitReportReporter -->
<testsuite hostname="LAPTOP-5M6NUT1U" failures="0" tests="2" name="includeExclude.MyTestClass2" time="0.010" errors="0" timestamp="2022-06-27T11:10:14 IST" skipped="0">
  <testcase classname="includeExclude.MyTestClass2" name="z" time="0.002"/>
  <system-out>
    <![CDATA[z is running]]>
  </system-out>
  <testcase classname="includeExclude.MyTestClass2" name="y" time="0.008"/>
  <system-out>
    <![CDATA[y is running]]>
  </system-out>
</testsuite> <!-- includeExclude.MyTestClass2 -->
