<?xml version="1.0" encoding="UTF-8"?>
<!-- Generated by org.testng.reporters.JUnitReportReporter -->
<testsuite hostname="LAPTOP-5M6NUT1U" failures="0" tests="1" name="parallerAndSerialExecution.MyClass1" time="9.150" errors="0" timestamp="2022-06-27T12:53:56 IST" skipped="0">
  <testcase classname="parallerAndSerialExecution.MyClass1" name="myMethod" time="9.150"/>
  <system-out>
    <![CDATA[Hi, method is running this is reprted output]]>
  </system-out>
</testsuite> <!-- parallerAndSerialExecution.MyClass1 -->
