<?xml version="1.0" encoding="UTF-8"?>
<!-- Generated by org.testng.reporters.JUnitReportReporter -->
<testsuite hostname="LAPTOP-5M6NUT1U" failures="0" tests="2" name="crossBrowserTest.CrossBrowserTesting" time="33.560" errors="0" timestamp="2022-07-01T16:23:01 IST" skipped="0">
  <testcase classname="crossBrowserTest.CrossBrowserTesting" name="myMethod" time="13.634"/>
  <system-out/>
  <testcase classname="crossBrowserTest.CrossBrowserTesting" name="myMethod" time="19.926"/>
  <system-out/>
</testsuite> <!-- crossBrowserTest.CrossBrowserTesting -->
