<?xml version="1.0" encoding="UTF-8"?>
<!-- Generated by org.testng.reporters.JUnitReportReporter -->
<testsuite hostname="LAPTOP-5M6NUT1U" failures="0" tests="1" name="crossBrowserTest.FireFoxTest" time="13.137" errors="0" timestamp="2022-06-29T22:06:08 IST" skipped="0">
  <testcase classname="crossBrowserTest.FireFoxTest" name="myMethod" time="13.137"/>
  <system-out/>
</testsuite> <!-- crossBrowserTest.FireFoxTest -->
