<?xml version="1.0" encoding="UTF-8"?>
<!-- Generated by org.testng.reporters.JUnitReportReporter -->
<testsuite hostname="LAPTOP-5M6NUT1U" failures="0" tests="1" name="kiteTest.ValidateKiteUserID" time="5.142" errors="0" timestamp="2022-07-06T14:56:31 IST" skipped="0">
  <testcase classname="kiteTest.ValidateKiteUserID" name="validateUSerID" time="5.142"/>
  <system-out/>
</testsuite> <!-- kiteTest.ValidateKiteUserID -->
