<?xml version="1.0" encoding="UTF-8"?>
<!-- Generated by org.testng.reporters.JUnitReportReporter -->
<testsuite hostname="LAPTOP-5M6NUT1U" failures="0" tests="4" name="testNgKeywords.DependsOnAndInvocation" time="0.014" errors="0" timestamp="2022-06-27T10:20:38 IST" skipped="0">
  <testcase classname="testNgKeywords.DependsOnAndInvocation" name="v" time="0.001"/>
  <system-out>
    <![CDATA[v is running]]>
  </system-out>
  <testcase classname="testNgKeywords.DependsOnAndInvocation" name="a" time="0.001"/>
  <system-out>
    <![CDATA[a is running]]>
  </system-out>
  <testcase classname="testNgKeywords.DependsOnAndInvocation" name="d" time="0.010"/>
  <system-out>
    <![CDATA[d is running]]>
  </system-out>
  <testcase classname="testNgKeywords.DependsOnAndInvocation" name="a" time="0.002"/>
  <system-out>
    <![CDATA[a is running]]>
  </system-out>
</testsuite> <!-- testNgKeywords.DependsOnAndInvocation -->
