<?xml version="1.0" encoding="UTF-8"?>
<!-- Generated by org.testng.reporters.JUnitReportReporter -->
<testsuite hostname="LAPTOP-5M6NUT1U" failures="0" tests="1" name="verificationUsingTestNG.VerifyRadioButton" time="20.972" errors="0" timestamp="2022-06-27T13:27:39 IST" skipped="0">
  <testcase classname="verificationUsingTestNG.VerifyRadioButton" name="myMethod" time="20.972"/>
  <system-out>
    <![CDATA[Hi, method is running this is reprted output
Test case failed]]>
  </system-out>
</testsuite> <!-- verificationUsingTestNG.VerifyRadioButton -->
