<?xml version="1.0" encoding="UTF-8"?>
<!-- Generated by org.testng.reporters.JUnitReportReporter -->
<testsuite hostname="LAPTOP-5M6NUT1U" failures="0" tests="2" name="grouping.MyTestClass1" time="0.003" errors="0" timestamp="2022-06-27T11:51:49 IST" skipped="0">
  <testcase classname="grouping.MyTestClass1" name="a" time="0.002"/>
  <system-out>
    <![CDATA[a is running, Sanity ]]>
  </system-out>
  <testcase classname="grouping.MyTestClass1" name="c" time="0.001"/>
  <system-out>
    <![CDATA[c is running, Sanity]]>
  </system-out>
</testsuite> <!-- grouping.MyTestClass1 -->
