<?xml version="1.0" encoding="UTF-8"?>
<!-- Generated by org.testng.reporters.JUnitReportReporter -->
<testsuite hostname="LAPTOP-5M6NUT1U" failures="0" tests="2" name="grouping.MyTestClass2" time="0.014" errors="0" timestamp="2022-06-27T11:51:49 IST" skipped="0">
  <testcase classname="grouping.MyTestClass2" name="r" time="0.002"/>
  <system-out>
    <![CDATA[r is running, Sanity]]>
  </system-out>
  <testcase classname="grouping.MyTestClass2" name="p" time="0.012"/>
  <system-out>
    <![CDATA[p is running, Sanity]]>
  </system-out>
</testsuite> <!-- grouping.MyTestClass2 -->
