<?xml version="1.0" encoding="UTF-8"?>
<!-- Generated by org.testng.reporters.JUnitReportReporter -->
<testsuite hostname="LAPTOP-5M6NUT1U" failures="0" tests="2" name="testNGStudy.MyTestClass" time="41.907" errors="0" timestamp="2022-06-21T13:34:45 IST" skipped="0">
  <testcase classname="testNGStudy.MyTestClass" name="myMethod1" time="27.644"/>
  <system-out/>
  <testcase classname="testNGStudy.MyTestClass" name="myMethod" time="14.263"/>
  <system-out>
    <![CDATA[Hi, method is running this is reprted output]]>
  </system-out>
</testsuite> <!-- testNGStudy.MyTestClass -->
