<?xml version="1.0" encoding="UTF-8"?>
<!-- Generated by org.testng.reporters.JUnitReportReporter -->
<testsuite hostname="LAPTOP-5M6NUT1U" failures="0" tests="3" name="testNgKeywords.Enabled" time="0.008" errors="0" timestamp="2022-06-27T10:22:44 IST" skipped="1">
  <testcase classname="testNgKeywords.Enabled" name="v" time="0.000"/>
  <system-out>
    <![CDATA[v is running]]>
  </system-out>
  <testcase classname="testNgKeywords.Enabled" name="d" time="0.008"/>
  <system-out>
    <![CDATA[d is running]]>
  </system-out>
  <testcase classname="testNgKeywords.Enabled" name="a">
    <skipped/>
  </testcase> <!-- a -->
  <system-out/>
</testsuite> <!-- testNgKeywords.Enabled -->
