<?xml version="1.0" encoding="UTF-8"?>
<!-- Generated by org.testng.reporters.JUnitReportReporter -->
<testsuite hostname="LAPTOP-5M6NUT1U" failures="0" tests="3" name="testNgKeywords.TimeOut" time="0.128" errors="0" timestamp="2022-06-27T09:55:55 IST" skipped="0">
  <testcase classname="testNgKeywords.TimeOut" name="v" time="0.003"/>
  <system-out>
    <![CDATA[v is running]]>
  </system-out>
  <testcase classname="testNgKeywords.TimeOut" name="a" time="0.011"/>
  <system-out>
    <![CDATA[a is running]]>
  </system-out>
  <testcase classname="testNgKeywords.TimeOut" name="d" time="0.114"/>
  <system-out>
    <![CDATA[d is running]]>
  </system-out>
</testsuite> <!-- testNgKeywords.TimeOut -->
