<?xml version="1.0" encoding="UTF-8"?>
<!-- Generated by org.testng.reporters.JUnitReportReporter -->
<testsuite hostname="LAPTOP-5M6NUT1U" failures="0" tests="1" name="kiteTest.ValidateKiteUserIDUsingProperty" time="2.428" errors="0" timestamp="2022-07-06T22:22:07 IST" skipped="0">
  <testcase classname="kiteTest.ValidateKiteUserIDUsingProperty" name="validateUSerID" time="2.428"/>
  <system-out/>
</testsuite> <!-- kiteTest.ValidateKiteUserIDUsingProperty -->
